#
# An unexpected error has been detected by Java Runtime Environment:
#
#  EXCEPTION_ACCESS_VIOLATION (0xc0000005) at pc=0x6d7f4a52, pid=6660, tid=7676
#
# Java VM: Java HotSpot(TM) Client VM (11.0-b15 mixed mode windows-x86)
# Problematic frame:
# C  [zip.dll+0x4a52]
#
# If you would like to submit a bug report, please visit:
#   http://java.sun.com/webapps/bugreport/crash.jsp
# The crash happened outside the Java Virtual Machine in native code.
# See problematic frame for where to report the bug.
#

---------------  T H R E A D  ---------------

Current thread (0x019a1c00):  JavaThread "Finalizer" daemon [_thread_in_native, id=7676, stack(0x0bba0000,0x0bbf0000)]

siginfo: ExceptionCode=0xc0000005, reading address 0x89fffe26

Registers:
EAX=0x89fffe12, EBX=0x07c6daf0, ECX=0x019a1d14, EDX=0x07c6de58
ESP=0x0bbef5f0, EBP=0x0bbef63c, ESI=0x01a8e9f0, EDI=0x019a1c00
EIP=0x6d7f4a52, EFLAGS=0x00010286

Top of Stack: (sp=0x0bbef5f0)
0x0bbef5f0:   07c6daf0 6d7f1956 01a8e9f0 01a0e291
0x0bbef600:   019a1d14 0bbef644 01a8e9f0 00000000
0x0bbef610:   00000000 01a0e76a 00000006 0bbef61c
0x0bbef620:   00000000 0bbef650 07c6de58 00000000
0x0bbef630:   07c6daf0 00000000 0bbef64c 0bbef67c
0x0bbef640:   01a02e11 07c6ddf8 01a0b559 01a8e9f0
0x0bbef650:   00000000 00000005 0426a238 0bbef654
0x0bbef660:   07c6d4f5 0bbef684 07c6de58 00000000 

Instructions: (pc=0x6d7f4a52)
0x6d7f4a42:   f6 74 30 8b 46 1c 85 c0 74 29 83 7e 24 00 74 23
0x6d7f4a52:   8b 40 14 85 c0 74 09 56 50 e8 63 0d 00 00 59 59 


Stack: [0x0bba0000,0x0bbf0000],  sp=0x0bbef5f0,  free space=317k
Native frames: (J=compiled Java code, j=interpreted, Vv=VM code, C=native code)
C  [zip.dll+0x4a52]
j  java.util.zip.Inflater.end()V+13
j  java.util.zip.Inflater.finalize()V+1
v  ~StubRoutines::call_stub

Java frames: (J=compiled Java code, j=interpreted, Vv=VM code)
j  java.util.zip.Inflater.end(J)V+0
j  java.util.zip.Inflater.end()V+13
j  java.util.zip.Inflater.finalize()V+1
v  ~StubRoutines::call_stub
j  java.lang.ref.Finalizer.invokeFinalizeMethod(Ljava/lang/Object;)V+0
j  java.lang.ref.Finalizer.runFinalizer()V+45
j  java.lang.ref.Finalizer.access$100(Ljava/lang/ref/Finalizer;)V+1
j  java.lang.ref.Finalizer$FinalizerThread.run()V+11
v  ~StubRoutines::call_stub

---------------  P R O C E S S  ---------------

Java Threads: ( => current thread )
  0x019fec00 JavaThread "Low Memory Detector" daemon [_thread_blocked, id=7040, stack(0x0bf40000,0x0bf90000)]
  0x0c1da400 JavaThread "CompilerThread0" daemon [_thread_blocked, id=8092, stack(0x0bef0000,0x0bf40000)]
  0x019fa800 JavaThread "JDWP Command Reader" daemon [_thread_in_native, id=7604, stack(0x0bea0000,0x0bef0000)]
  0x019f9800 JavaThread "JDWP Event Helper Thread" daemon [_thread_in_native, id=1032, stack(0x0bdd0000,0x0be20000)]
  0x019f7800 JavaThread "JDWP Transport Listener: dt_socket" daemon [_thread_blocked, id=7528, stack(0x0bd80000,0x0bdd0000)]
  0x019eb400 JavaThread "Attach Listener" daemon [_thread_blocked, id=5780, stack(0x0bc40000,0x0bc90000)]
  0x019b5c00 JavaThread "Signal Dispatcher" daemon [_thread_blocked, id=6524, stack(0x0bbf0000,0x0bc40000)]
=>0x019a1c00 JavaThread "Finalizer" daemon [_thread_in_native, id=7676, stack(0x0bba0000,0x0bbf0000)]
  0x0199d400 JavaThread "Reference Handler" daemon [_thread_blocked, id=5836, stack(0x0bb50000,0x0bba0000)]
  0x0036d000 JavaThread "main" [_thread_blocked, id=7492, stack(0x00370000,0x003c0000)]

Other Threads:
  0x01998800 VMThread [stack: 0x0bb00000,0x0bb50000] [id=7908]
  0x019ff000 WatcherThread [stack: 0x0bfb0000,0x0c000000] [id=6328]

VM state:not at safepoint (normal execution)

VM Mutex/Monitor currently owned by a thread: None

Heap
 def new generation   total 1728K, used 717K [0x03a80000, 0x03c50000, 0x03f60000)
  eden space 1600K,  44% used [0x03a80000, 0x03b33748, 0x03c10000)
  from space 128K,   0% used [0x03c30000, 0x03c30000, 0x03c50000)
  to   space 128K,   0% used [0x03c10000, 0x03c10000, 0x03c30000)
 tenured generation   total 21816K, used 3785K [0x03f60000, 0x054ae000, 0x07a80000)
   the space 21816K,  17% used [0x03f60000, 0x04312640, 0x04312800, 0x054ae000)
 compacting perm gen  total 12288K, used 10022K [0x07a80000, 0x08680000, 0x0ba80000)
   the space 12288K,  81% used [0x07a80000, 0x08449a28, 0x08449c00, 0x08680000)
No shared spaces configured.

Dynamic libraries:
0x00400000 - 0x00424000 	C:\Program Files\Java\jre6\bin\javaw.exe
0x77a60000 - 0x77b9c000 	C:\Windows\SYSTEM32\ntdll.dll
0x76f80000 - 0x77054000 	C:\Windows\system32\kernel32.dll
0x75d80000 - 0x75dca000 	C:\Windows\system32\KERNELBASE.dll
0x75ed0000 - 0x75f70000 	C:\Windows\system32\ADVAPI32.dll
0x77250000 - 0x772fc000 	C:\Windows\system32\msvcrt.dll
0x75eb0000 - 0x75ec9000 	C:\Windows\SYSTEM32\sechost.dll
0x77410000 - 0x774b1000 	C:\Windows\system32\RPCRT4.dll
0x77bc0000 - 0x77c89000 	C:\Windows\system32\USER32.dll
0x77350000 - 0x7739e000 	C:\Windows\system32\GDI32.dll
0x76d00000 - 0x76d0a000 	C:\Windows\system32\LPK.dll
0x774c0000 - 0x7755d000 	C:\Windows\system32\USP10.dll
0x77ba0000 - 0x77bbf000 	C:\Windows\system32\IMM32.DLL
0x76eb0000 - 0x76f7c000 	C:\Windows\system32\MSCTF.dll
0x7c340000 - 0x7c396000 	C:\Program Files\Java\jre6\bin\msvcr71.dll
0x6d800000 - 0x6da56000 	C:\Program Files\Java\jre6\bin\client\jvm.dll
0x74d70000 - 0x74da2000 	C:\Windows\system32\WINMM.dll
0x75ae0000 - 0x75b2c000 	C:\Windows\system32\apphelp.dll
0x6d280000 - 0x6d288000 	C:\Program Files\Java\jre6\bin\hpi.dll
0x770c0000 - 0x770c5000 	C:\Windows\system32\PSAPI.DLL
0x6d370000 - 0x6d399000 	C:\Program Files\Java\jre6\bin\jdwp.dll
0x6d6a0000 - 0x6d6a6000 	C:\Program Files\Java\jre6\bin\npt.dll
0x6d7b0000 - 0x6d7bc000 	C:\Program Files\Java\jre6\bin\verify.dll
0x6d320000 - 0x6d33f000 	C:\Program Files\Java\jre6\bin\java.dll
0x6d7f0000 - 0x6d7ff000 	C:\Program Files\Java\jre6\bin\zip.dll
0x6d1f0000 - 0x6d1f7000 	C:\Program Files\Java\jre6\bin\dt_socket.dll
0x77210000 - 0x77245000 	C:\Windows\system32\WS2_32.dll
0x773a0000 - 0x773a6000 	C:\Windows\system32\NSI.dll
0x73cf0000 - 0x73d00000 	C:\Windows\system32\NLAapi.dll
0x6e260000 - 0x6e270000 	C:\Windows\system32\napinsp.dll
0x6e240000 - 0x6e252000 	C:\Windows\system32\pnrpnsp.dll
0x75620000 - 0x7565c000 	C:\Windows\System32\mswsock.dll
0x754e0000 - 0x75524000 	C:\Windows\system32\DNSAPI.dll
0x6e230000 - 0x6e238000 	C:\Windows\System32\winrnr.dll
0x6e220000 - 0x6e22d000 	C:\Windows\system32\wshbth.dll
0x746a0000 - 0x746c1000 	C:\Program Files\Bonjour\mdnsNSP.dll
0x747d0000 - 0x747ec000 	C:\Windows\system32\Iphlpapi.DLL
0x74d40000 - 0x74d47000 	C:\Windows\system32\WINNSI.DLL
0x733b0000 - 0x733e8000 	C:\Windows\System32\fwpuclnt.dll
0x742f0000 - 0x742f6000 	C:\Windows\system32\rasadhlp.dll
0x74f80000 - 0x74f85000 	C:\Windows\System32\wshtcpip.dll
0x10000000 - 0x1006e000 	C:\Users\Administrator\.swt\lib\win32\x86\swt-win32-3740.dll
0x77900000 - 0x77a5c000 	C:\Windows\system32\ole32.dll
0x76c70000 - 0x76cff000 	C:\Windows\system32\OLEAUT32.dll
0x75f70000 - 0x75feb000 	C:\Windows\system32\comdlg32.dll
0x773b0000 - 0x77407000 	C:\Windows\system32\SHLWAPI.dll
0x748e0000 - 0x74a7e000 	C:\Windows\WinSxS\x86_microsoft.windows.common-controls_6595b64144ccf1df_6.0.7601.17514_none_41e6975e2bd6f2b2\COMCTL32.dll
0x75ff0000 - 0x76c3a000 	C:\Windows\system32\SHELL32.dll
0x6ef60000 - 0x6efb1000 	C:\Windows\system32\WINSPOOL.DRV
0x76da0000 - 0x76e95000 	C:\Windows\system32\WININET.dll
0x770d0000 - 0x77206000 	C:\Windows\system32\urlmon.dll
0x75c60000 - 0x75d7d000 	C:\Windows\system32\CRYPT32.dll
0x75c20000 - 0x75c2c000 	C:\Windows\system32\MSASN1.dll
0x77560000 - 0x7775b000 	C:\Windows\system32\iertutil.dll
0x74620000 - 0x74660000 	C:\Windows\system32\uxtheme.dll
0x74310000 - 0x74323000 	C:\Windows\system32\dwmapi.dll
0x75b30000 - 0x75b3c000 	C:\Windows\system32\CRYPTBASE.dll
0x746d0000 - 0x747c5000 	C:\Windows\system32\propsys.dll
0x76d10000 - 0x76d93000 	C:\Windows\system32\CLBCatQ.DLL
0x6e420000 - 0x6e44e000 	C:\Windows\system32\mlang.dll
0x73bf0000 - 0x73c2c000 	C:\Windows\system32\oleacc.dll
0x6efc0000 - 0x6f044000 	C:\Windows\WinSxS\x86_microsoft.windows.common-controls_6595b64144ccf1df_5.82.7601.17514_none_ec83dffa859149af\comctl32.dll
0x73920000 - 0x73925000 	C:\Windows\system32\msimg32.dll
0x6a7d0000 - 0x6a85b000 	C:\Users\Administrator\AppData\Roaming\TaobaoProtect\TaobaoProtectSE.dll
0x75080000 - 0x75089000 	C:\Windows\system32\VERSION.dll
0x75bb0000 - 0x75bbb000 	C:\Windows\system32\profapi.dll

VM Arguments:
jvm_args: -agentlib:jdwp=transport=dt_socket,suspend=y,address=localhost:56122 -Dfile.encoding=GBK 
java_command: com.test.shell.TestShell
Launcher Type: SUN_STANDARD

Environment Variables:
JAVA_HOME=C:\Program Files\Java\jdk1.6.0_10
CLASSPATH=.;JAVA_HOME\lib\dt.jar;JAVA_HOME\lib\tools.jar;
PATH=C:/Program Files/Java/jre6/bin/client;C:/Program Files/Java/jre6/bin;C:/Program Files/Java/jre6/lib/i386;C:\Windows\system32;C:\Windows;C:\Windows\System32\Wbem;C:\Windows\System32\WindowsPowerShell\v1.0\;D:\版本管理工具\TortoiseSVN\bin;D:\eclipse;
USERNAME=Administrator
OS=Windows_NT
PROCESSOR_IDENTIFIER=x86 Family 6 Model 37 Stepping 5, GenuineIntel



---------------  S Y S T E M  ---------------

OS: Windows NT 6.1 Build 7601 Service Pack 1

CPU:total 4 (8 cores per cpu, 2 threads per core) family 6 model 5 stepping 5, cmov, cx8, fxsr, mmx, sse, sse2, sse3, ssse3, ht

Memory: 4k page, physical 1949060k(165792k free), swap 3898120k(920440k free)

vm_info: Java HotSpot(TM) Client VM (11.0-b15) for windows-x86 JRE (1.6.0_10-rc2-b32), built on Sep 12 2008 00:52:11 by "java_re" with MS VC++ 7.1

time: Tue Jul 22 17:09:56 2014
elapsed time: 12 seconds

