#
# An unexpected error has been detected by Java Runtime Environment:
#
#  EXCEPTION_ACCESS_VIOLATION (0xc0000005) at pc=0x6d7f79c1, pid=6136, tid=3816
#
# Java VM: Java HotSpot(TM) Client VM (11.0-b15 mixed mode, sharing windows-x86)
# Problematic frame:
# C  [zip.dll+0x79c1]
#
# If you would like to submit a bug report, please visit:
#   http://java.sun.com/webapps/bugreport/crash.jsp
# The crash happened outside the Java Virtual Machine in native code.
# See problematic frame for where to report the bug.
#

---------------  T H R E A D  ---------------

Current thread (0x01a35400):  JavaThread "Finalizer" daemon [_thread_in_native, id=3816, stack(0x03bb0000,0x03c00000)]

siginfo: ExceptionCode=0xc0000005, writing address 0x01b1cddc

Registers:
EAX=0x00000000, EBX=0x2c50b778, ECX=0x00000006, EDX=0x01b5c828
ESP=0x03bff7d0, EBP=0x03bff818, ESI=0x01b1cdd8, EDI=0x01a35400
EIP=0x6d7f79c1, EFLAGS=0x00010246

Top of Stack: (sp=0x03bff7d0)
0x03bff7d0:   2bc1a2c8 6d7f1ad7 01b1cdd8 01b69d11
0x03bff7e0:   01a35514 03bff820 01b1cdd8 00000000
0x03bff7f0:   01a35c44 01a35c3c 03bff7f8 2bc1a2c8
0x03bff800:   03bff82c 2c50aef8 00000000 2c50b778
0x03bff810:   00000000 03bff828 03bff858 01b62da1
0x03bff820:   2c88b910 01b68189 01b1cdd8 00000000
0x03bff830:   00000009 24269e58 03bff830 2bc1a1ed
0x03bff840:   03bff884 2c50aef8 00000000 2c50b728 

Instructions: (pc=0x6d7f79c1)
0x6d7f79b1:   56 ff 35 3c c4 7f 6d e8 25 01 00 00 8b 74 24 08
0x6d7f79c1:   ff 4e 04 8b 46 04 85 c0 7e 0d ff 35 3c c4 7f 6d 


Stack: [0x03bb0000,0x03c00000],  sp=0x03bff7d0,  free space=317k
Native frames: (J=compiled Java code, j=interpreted, Vv=VM code, C=native code)
C  [zip.dll+0x79c1]
j  java.util.zip.ZipFile.close()V+29
j  java.util.zip.ZipFile.finalize()V+1
v  ~StubRoutines::call_stub

Java frames: (J=compiled Java code, j=interpreted, Vv=VM code)
j  java.util.zip.ZipFile.close(J)V+0
j  java.util.zip.ZipFile.close()V+29
j  java.util.zip.ZipFile.finalize()V+1
v  ~StubRoutines::call_stub
j  java.lang.ref.Finalizer.invokeFinalizeMethod(Ljava/lang/Object;)V+0
j  java.lang.ref.Finalizer.runFinalizer()V+45
j  java.lang.ref.Finalizer.access$100(Ljava/lang/ref/Finalizer;)V+1
j  java.lang.ref.Finalizer$FinalizerThread.run()V+11
v  ~StubRoutines::call_stub

---------------  P R O C E S S  ---------------

Java Threads: ( => current thread )
  0x01a84800 JavaThread "Low Memory Detector" daemon [_thread_blocked, id=5624, stack(0x03cf0000,0x03d40000)]
  0x01a83400 JavaThread "CompilerThread0" daemon [_thread_blocked, id=5200, stack(0x03ca0000,0x03cf0000)]
  0x01a81c00 JavaThread "Attach Listener" daemon [_thread_blocked, id=1328, stack(0x03c50000,0x03ca0000)]
  0x01a81400 JavaThread "Signal Dispatcher" daemon [_thread_blocked, id=7892, stack(0x03c00000,0x03c50000)]
=>0x01a35400 JavaThread "Finalizer" daemon [_thread_in_native, id=3816, stack(0x03bb0000,0x03c00000)]
  0x01a34000 JavaThread "Reference Handler" daemon [_thread_blocked, id=3444, stack(0x03b60000,0x03bb0000)]
  0x01a0ec00 JavaThread "main" [_thread_in_Java, id=5856, stack(0x00340000,0x00390000)]

Other Threads:
  0x01a32400 VMThread [stack: 0x01b00000,0x01b50000] [id=6984]
  0x01a9c000 WatcherThread [stack: 0x03d40000,0x03d90000] [id=7696]

VM state:not at safepoint (normal execution)

VM Mutex/Monitor currently owned by a thread: None

Heap
 def new generation   total 1728K, used 699K [0x23a80000, 0x23c50000, 0x23f60000)
  eden space 1600K,  43% used [0x23a80000, 0x23b2ef98, 0x23c10000)
  from space 128K,   0% used [0x23c30000, 0x23c30000, 0x23c50000)
  to   space 128K,   0% used [0x23c10000, 0x23c10000, 0x23c30000)
 tenured generation   total 21836K, used 3782K [0x23f60000, 0x254b3000, 0x27a80000)
   the space 21836K,  17% used [0x23f60000, 0x24311b80, 0x24311c00, 0x254b3000)
 compacting perm gen  total 12288K, used 6799K [0x27a80000, 0x28680000, 0x2ba80000)
   the space 12288K,  55% used [0x27a80000, 0x28123c50, 0x28123e00, 0x28680000)
    ro space 8192K,  63% used [0x2ba80000, 0x2bf93b48, 0x2bf93c00, 0x2c280000)
    rw space 12288K,  53% used [0x2c280000, 0x2c8e7f38, 0x2c8e8000, 0x2ce80000)

Dynamic libraries:
0x00400000 - 0x00424000 	C:\Program Files\Java\jre6\bin\javaw.exe
0x77a60000 - 0x77b9c000 	C:\Windows\SYSTEM32\ntdll.dll
0x76f80000 - 0x77054000 	C:\Windows\system32\kernel32.dll
0x75d80000 - 0x75dca000 	C:\Windows\system32\KERNELBASE.dll
0x75ed0000 - 0x75f70000 	C:\Windows\system32\ADVAPI32.dll
0x77250000 - 0x772fc000 	C:\Windows\system32\msvcrt.dll
0x75eb0000 - 0x75ec9000 	C:\Windows\SYSTEM32\sechost.dll
0x77410000 - 0x774b1000 	C:\Windows\system32\RPCRT4.dll
0x77bc0000 - 0x77c89000 	C:\Windows\system32\USER32.dll
0x77350000 - 0x7739e000 	C:\Windows\system32\GDI32.dll
0x76d00000 - 0x76d0a000 	C:\Windows\system32\LPK.dll
0x774c0000 - 0x7755d000 	C:\Windows\system32\USP10.dll
0x77ba0000 - 0x77bbf000 	C:\Windows\system32\IMM32.DLL
0x76eb0000 - 0x76f7c000 	C:\Windows\system32\MSCTF.dll
0x7c340000 - 0x7c396000 	C:\Program Files\Java\jre6\bin\msvcr71.dll
0x6d800000 - 0x6da56000 	C:\Program Files\Java\jre6\bin\client\jvm.dll
0x74d70000 - 0x74da2000 	C:\Windows\system32\WINMM.dll
0x75ae0000 - 0x75b2c000 	C:\Windows\system32\apphelp.dll
0x6d280000 - 0x6d288000 	C:\Program Files\Java\jre6\bin\hpi.dll
0x770c0000 - 0x770c5000 	C:\Windows\system32\PSAPI.DLL
0x6d7b0000 - 0x6d7bc000 	C:\Program Files\Java\jre6\bin\verify.dll
0x6d320000 - 0x6d33f000 	C:\Program Files\Java\jre6\bin\java.dll
0x6d7f0000 - 0x6d7ff000 	C:\Program Files\Java\jre6\bin\zip.dll
0x10000000 - 0x1006e000 	C:\Users\Administrator\.swt\lib\win32\x86\swt-win32-3740.dll
0x77900000 - 0x77a5c000 	C:\Windows\system32\ole32.dll
0x76c70000 - 0x76cff000 	C:\Windows\system32\OLEAUT32.dll
0x75f70000 - 0x75feb000 	C:\Windows\system32\comdlg32.dll
0x773b0000 - 0x77407000 	C:\Windows\system32\SHLWAPI.dll
0x748e0000 - 0x74a7e000 	C:\Windows\WinSxS\x86_microsoft.windows.common-controls_6595b64144ccf1df_6.0.7601.17514_none_41e6975e2bd6f2b2\COMCTL32.dll
0x75ff0000 - 0x76c3a000 	C:\Windows\system32\SHELL32.dll
0x6ef60000 - 0x6efb1000 	C:\Windows\system32\WINSPOOL.DRV
0x76da0000 - 0x76e95000 	C:\Windows\system32\WININET.dll
0x770d0000 - 0x77206000 	C:\Windows\system32\urlmon.dll
0x75c60000 - 0x75d7d000 	C:\Windows\system32\CRYPT32.dll
0x75c20000 - 0x75c2c000 	C:\Windows\system32\MSASN1.dll
0x77560000 - 0x7775b000 	C:\Windows\system32\iertutil.dll
0x74620000 - 0x74660000 	C:\Windows\system32\uxtheme.dll
0x74310000 - 0x74323000 	C:\Windows\system32\dwmapi.dll
0x75b30000 - 0x75b3c000 	C:\Windows\system32\CRYPTBASE.dll
0x746d0000 - 0x747c5000 	C:\Windows\system32\propsys.dll
0x76d10000 - 0x76d93000 	C:\Windows\system32\CLBCatQ.DLL
0x6e420000 - 0x6e44e000 	C:\Windows\system32\mlang.dll
0x73bf0000 - 0x73c2c000 	C:\Windows\system32\oleacc.dll
0x6efc0000 - 0x6f044000 	C:\Windows\WinSxS\x86_microsoft.windows.common-controls_6595b64144ccf1df_5.82.7601.17514_none_ec83dffa859149af\comctl32.dll
0x73920000 - 0x73925000 	C:\Windows\system32\msimg32.dll
0x6a7d0000 - 0x6a85b000 	C:\Users\Administrator\AppData\Roaming\TaobaoProtect\TaobaoProtectSE.dll
0x75080000 - 0x75089000 	C:\Windows\system32\VERSION.dll
0x75bb0000 - 0x75bbb000 	C:\Windows\system32\profapi.dll

VM Arguments:
jvm_args: -Dfile.encoding=GBK 
java_command: com.test.shell.TestShell
Launcher Type: SUN_STANDARD

Environment Variables:
JAVA_HOME=C:\Program Files\Java\jdk1.6.0_10
CLASSPATH=.;JAVA_HOME\lib\dt.jar;JAVA_HOME\lib\tools.jar;
PATH=C:/Program Files/Java/jre6/bin/client;C:/Program Files/Java/jre6/bin;C:/Program Files/Java/jre6/lib/i386;C:\Windows\system32;C:\Windows;C:\Windows\System32\Wbem;C:\Windows\System32\WindowsPowerShell\v1.0\;D:\版本管理工具\TortoiseSVN\bin;D:\eclipse;
USERNAME=Administrator
OS=Windows_NT
PROCESSOR_IDENTIFIER=x86 Family 6 Model 37 Stepping 5, GenuineIntel



---------------  S Y S T E M  ---------------

OS: Windows NT 6.1 Build 7601 Service Pack 1

CPU:total 4 (8 cores per cpu, 2 threads per core) family 6 model 5 stepping 5, cmov, cx8, fxsr, mmx, sse, sse2, sse3, ssse3, ht

Memory: 4k page, physical 1949060k(165576k free), swap 3898120k(917276k free)

vm_info: Java HotSpot(TM) Client VM (11.0-b15) for windows-x86 JRE (1.6.0_10-rc2-b32), built on Sep 12 2008 00:52:11 by "java_re" with MS VC++ 7.1

time: Tue Jul 22 17:11:03 2014
elapsed time: 4 seconds

